Arguments: 
  /usr/local/bin/node /usr/local/bin/yarn add babel-eslint chai chai-http chai-immutable eslint eslint-config-airbnb eslint-config-airbin-base eslint-loader eslint-plugin-import html-webpack-plugin webpack webpack-cli webpack-dev-server --save-dev

PATH: 
  /Library/Frameworks/Python.framework/Versions/3.7/bin:/usr/local/bin:/usr/bin:/bin:/usr/sbin:/sbin:/Library/Frameworks/Python.framework/Versions/3.7/bin

Yarn version: 
  1.6.0

Node version: 
  8.11.3

Platform: 
  darwin x64

Trace: 
  Error: https://registry.yarnpkg.com/eslint-config-airbin-base: Not found
      at Request.params.callback [as _callback] (/usr/local/lib/node_modules/yarn/lib/cli.js:65327:18)
      at Request.self.callback (/usr/local/lib/node_modules/yarn/lib/cli.js:133155:22)
      at emitTwo (events.js:126:13)
      at Request.emit (events.js:214:7)
      at Request.<anonymous> (/usr/local/lib/node_modules/yarn/lib/cli.js:134138:10)
      at emitOne (events.js:116:13)
      at Request.emit (events.js:211:7)
      at IncomingMessage.<anonymous> (/usr/local/lib/node_modules/yarn/lib/cli.js:134058:12)
      at Object.onceWrapper (events.js:313:30)
      at emitNone (events.js:111:20)

npm manifest: 
  {
    "name": "realtime-chat",
    "version": "1.0.0",
    "description": "베지아보카도 리얼타임 채팅 ",
    "main": "server.js",
    "directories": {
      "test": "tests"
    },
    "scripts": {
      "test": "echo \"Error: no test specified\" && exit 1",
      "start": "node server.js"
    },
    "author": "peepee + willy",
    "license": "MIT",
    "repository": "https://github.com/veggieavocado/realtime-chat.git",
    "devDependencies": {
      "yarn": "^1.7.0"
    }
  }

yarn manifest: 
  No manifest

Lockfile: 
  # THIS IS AN AUTOGENERATED FILE. DO NOT EDIT THIS FILE DIRECTLY.
  # yarn lockfile v1
  
  
  yarn@^1.7.0:
    version "1.7.0"
    resolved "https://registry.yarnpkg.com/yarn/-/yarn-1.7.0.tgz#0076b9fde6010e01950526a609bc53bc175ef925"
